Registered S3 method overwritten by 'quantmod':
  method            from
  as.zoo.data.frame zoo 

Attaching package: 'zoo'

The following object is masked from 'package:imputeTS':

    na.locf

The following objects are masked from 'package:base':

    as.Date, as.Date.numeric

Error: object 'raw_data' not found
Execution halted
Registered S3 method overwritten by 'quantmod':
  method            from
  as.zoo.data.frame zoo 

Attaching package: 'zoo'

The following object is masked from 'package:imputeTS':

    na.locf

The following objects are masked from 'package:base':

    as.Date, as.Date.numeric

Error: object 'raw_data' not found
Execution halted
Registered S3 method overwritten by 'quantmod':
  method            from
  as.zoo.data.frame zoo 

Attaching package: 'zoo'

The following object is masked from 'package:imputeTS':

    na.locf

The following objects are masked from 'package:base':

    as.Date, as.Date.numeric

Error: object 'raw_data' not found
Execution halted
Registered S3 method overwritten by 'quantmod':
  method            from
  as.zoo.data.frame zoo 

Attaching package: 'zoo'

The following object is masked from 'package:imputeTS':

    na.locf

The following objects are masked from 'package:base':

    as.Date, as.Date.numeric

Error: object 'raw_data' not found
Execution halted
Registered S3 method overwritten by 'quantmod':
  method            from
  as.zoo.data.frame zoo 

Attaching package: 'zoo'

The following object is masked from 'package:imputeTS':

    na.locf

The following objects are masked from 'package:base':

    as.Date, as.Date.numeric

Error: object 'raw_data' not found
Execution halted
Registered S3 method overwritten by 'quantmod':
  method            from
  as.zoo.data.frame zoo 

Attaching package: 'zoo'

The following object is masked from 'package:imputeTS':

    na.locf

The following objects are masked from 'package:base':

    as.Date, as.Date.numeric

Error: object 'raw_data' not found
Execution halted
Registered S3 method overwritten by 'quantmod':
  method            from
  as.zoo.data.frame zoo 

Attaching package: 'zoo'

The following object is masked from 'package:imputeTS':

    na.locf

The following objects are masked from 'package:base':

    as.Date, as.Date.numeric

Error: object 'raw_data' not found
Execution halted
Registered S3 method overwritten by 'quantmod':
  method            from
  as.zoo.data.frame zoo 

Attaching package: 'zoo'

The following object is masked from 'package:imputeTS':

    na.locf

The following objects are masked from 'package:base':

    as.Date, as.Date.numeric

Error: object 'raw_data' not found
Execution halted
Registered S3 method overwritten by 'quantmod':
  method            from
  as.zoo.data.frame zoo 

Attaching package: 'zoo'

The following object is masked from 'package:imputeTS':

    na.locf

The following objects are masked from 'package:base':

    as.Date, as.Date.numeric

Error: object 'raw_data' not found
Execution halted
Registered S3 method overwritten by 'quantmod':
  method            from
  as.zoo.data.frame zoo 

Attaching package: 'zoo'

The following object is masked from 'package:imputeTS':

    na.locf

The following objects are masked from 'package:base':

    as.Date, as.Date.numeric

Error: object 'raw_data' not found
Execution halted
Registered S3 method overwritten by 'quantmod':
  method            from
  as.zoo.data.frame zoo 

Attaching package: 'zoo'

The following object is masked from 'package:imputeTS':

    na.locf

The following objects are masked from 'package:base':

    as.Date, as.Date.numeric

Error: object 'raw_data' not found
Execution halted
Registered S3 method overwritten by 'quantmod':
  method            from
  as.zoo.data.frame zoo 

Attaching package: 'zoo'

The following object is masked from 'package:imputeTS':

    na.locf

The following objects are masked from 'package:base':

    as.Date, as.Date.numeric

Error: object 'raw_data' not found
Execution halted
Registered S3 method overwritten by 'quantmod':
  method            from
  as.zoo.data.frame zoo 

Attaching package: 'zoo'

The following object is masked from 'package:imputeTS':

    na.locf

The following objects are masked from 'package:base':

    as.Date, as.Date.numeric

Error: object 'raw_data' not found
Execution halted
Registered S3 method overwritten by 'quantmod':
  method            from
  as.zoo.data.frame zoo 

Attaching package: 'zoo'

The following object is masked from 'package:imputeTS':

    na.locf

The following objects are masked from 'package:base':

    as.Date, as.Date.numeric

Error: object 'raw_data' not found
Execution halted
Registered S3 method overwritten by 'quantmod':
  method            from
  as.zoo.data.frame zoo 

Attaching package: 'zoo'

The following object is masked from 'package:imputeTS':

    na.locf

The following objects are masked from 'package:base':

    as.Date, as.Date.numeric

Error: object 'raw_data' not found
Execution halted
Registered S3 method overwritten by 'quantmod':
  method            from
  as.zoo.data.frame zoo 

Attaching package: 'zoo'

The following object is masked from 'package:imputeTS':

    na.locf

The following objects are masked from 'package:base':

    as.Date, as.Date.numeric

Error: object 'raw_data' not found
Execution halted
